Start testing: Jul 15 10:12 +07
----------------------------------------------------------
1/11 Testing: test_event_queue
1/11 Test: test_event_queue
Command: "/home/phuc/Project/smart-water-flow-pressure-monitor/2.firmware/build/tests/test_event_queue"
Directory: /home/phuc/Project/smart-water-flow-pressure-monitor/2.firmware/build/tests
"test_event_queue" start time: Jul 15 10:12 +07
Output:
----------------------------------------------------------
Event Queue Tests
─────────────────
PASS
PASS
PASS
PASS
PASS
PASS
PASS
PASS
─────────────────
Results: 8 passed, 0 failed
<end of output>
Test time =   0.00 sec
----------------------------------------------------------
Test Passed.
"test_event_queue" end time: Jul 15 10:12 +07
"test_event_queue" time elapsed: 00:00:00
----------------------------------------------------------

2/11 Testing: test_data_repository
2/11 Test: test_data_repository
Command: "/home/phuc/Project/smart-water-flow-pressure-monitor/2.firmware/build/tests/test_data_repository"
Directory: /home/phuc/Project/smart-water-flow-pressure-monitor/2.firmware/build/tests
"test_data_repository" start time: Jul 15 10:12 +07
Output:
----------------------------------------------------------
Data Repository Tests
─────────────────────
PASS
PASS
PASS
PASS
─────────────────────
Results: 4 passed, 0 failed
<end of output>
Test time =   0.00 sec
----------------------------------------------------------
Test Passed.
"test_data_repository" end time: Jul 15 10:12 +07
"test_data_repository" time elapsed: 00:00:00
----------------------------------------------------------

3/11 Testing: test_system_fsm
3/11 Test: test_system_fsm
Command: "/home/phuc/Project/smart-water-flow-pressure-monitor/2.firmware/build/tests/test_system_fsm"
Directory: /home/phuc/Project/smart-water-flow-pressure-monitor/2.firmware/build/tests
"test_system_fsm" start time: Jul 15 10:12 +07
Output:
----------------------------------------------------------
System FSM Tests
────────────────
PASS
PASS
PASS
PASS
PASS
PASS
PASS
PASS
PASS
PASS
PASS
PASS
PASS
PASS
────────────────
Results: 14 passed, 0 failed
<end of output>
Test time =   0.00 sec
----------------------------------------------------------
Test Passed.
"test_system_fsm" end time: Jul 15 10:12 +07
"test_system_fsm" time elapsed: 00:00:00
----------------------------------------------------------

4/11 Testing: test_app_event_router
4/11 Test: test_app_event_router
Command: "/home/phuc/Project/smart-water-flow-pressure-monitor/2.firmware/build/tests/test_app_event_router"
Directory: /home/phuc/Project/smart-water-flow-pressure-monitor/2.firmware/build/tests
"test_app_event_router" start time: Jul 15 10:12 +07
Output:
----------------------------------------------------------
Event Router Tests
──────────────────
PASS
PASS
PASS
PASS
PASS
PASS
PASS
PASS
PASS
──────────────────
Results: 9 passed, 0 failed
<end of output>
Test time =   0.00 sec
----------------------------------------------------------
Test Passed.
"test_app_event_router" end time: Jul 15 10:12 +07
"test_app_event_router" time elapsed: 00:00:00
----------------------------------------------------------

5/11 Testing: test_scheduler
5/11 Test: test_scheduler
Command: "/home/phuc/Project/smart-water-flow-pressure-monitor/2.firmware/build/tests/test_scheduler"
Directory: /home/phuc/Project/smart-water-flow-pressure-monitor/2.firmware/build/tests
"test_scheduler" start time: Jul 15 10:12 +07
Output:
----------------------------------------------------------
Scheduler Tests
───────────────
PASS
PASS
PASS
PASS
PASS
───────────────
Results: 5 passed, 0 failed
<end of output>
Test time =   0.00 sec
----------------------------------------------------------
Test Passed.
"test_scheduler" end time: Jul 15 10:12 +07
"test_scheduler" time elapsed: 00:00:00
----------------------------------------------------------

6/11 Testing: test_linux_virtual_clock
6/11 Test: test_linux_virtual_clock
Command: "/home/phuc/Project/smart-water-flow-pressure-monitor/2.firmware/build/tests/test_linux_virtual_clock"
Directory: /home/phuc/Project/smart-water-flow-pressure-monitor/2.firmware/build/tests
"test_linux_virtual_clock" start time: Jul 15 10:12 +07
Output:
----------------------------------------------------------
Linux Virtual Clock Tests
─────────────────────────
PASS
PASS
PASS
PASS
PASS
PASS
PASS
─────────────────────────
Results: 7 passed, 0 failed
<end of output>
Test time =   0.00 sec
----------------------------------------------------------
Test Passed.
"test_linux_virtual_clock" end time: Jul 15 10:12 +07
"test_linux_virtual_clock" time elapsed: 00:00:00
----------------------------------------------------------

7/11 Testing: test_linux_action_queue
7/11 Test: test_linux_action_queue
Command: "/home/phuc/Project/smart-water-flow-pressure-monitor/2.firmware/build/tests/test_linux_action_queue"
Directory: /home/phuc/Project/smart-water-flow-pressure-monitor/2.firmware/build/tests
"test_linux_action_queue" start time: Jul 15 10:12 +07
Output:
----------------------------------------------------------
Scheduled Action Queue Tests
─────────────────────────────
PASS
PASS
PASS
PASS
PASS
─────────────────────────────
Results: 5 passed, 0 failed
<end of output>
Test time =   0.00 sec
----------------------------------------------------------
Test Passed.
"test_linux_action_queue" end time: Jul 15 10:12 +07
"test_linux_action_queue" time elapsed: 00:00:00
----------------------------------------------------------

8/11 Testing: test_linux_providers
8/11 Test: test_linux_providers
Command: "/home/phuc/Project/smart-water-flow-pressure-monitor/2.firmware/build/tests/test_linux_providers"
Directory: /home/phuc/Project/smart-water-flow-pressure-monitor/2.firmware/build/tests
"test_linux_providers" start time: Jul 15 10:12 +07
Output:
----------------------------------------------------------
Platform Provider Contract Tests
─────────────────────────────────
PASS
PASS
PASS
PASS
PASS
PASS
PASS
PASS
PASS
─────────────────────────────────
Results: 9 passed, 0 failed
<end of output>
Test time =   0.00 sec
----------------------------------------------------------
Test Passed.
"test_linux_providers" end time: Jul 15 10:12 +07
"test_linux_providers" time elapsed: 00:00:00
----------------------------------------------------------

9/11 Testing: test_linux_peers
9/11 Test: test_linux_peers
Command: "/home/phuc/Project/smart-water-flow-pressure-monitor/2.firmware/build/tests/test_linux_peers"
Directory: /home/phuc/Project/smart-water-flow-pressure-monitor/2.firmware/build/tests
"test_linux_peers" start time: Jul 15 10:12 +07
Output:
----------------------------------------------------------
Device Peer Integration Tests
──────────────────────────────
PASS
PASS
PASS
PASS
PASS
PASS
PASS
PASS
──────────────────────────────
Results: 8 passed, 0 failed
<end of output>
Test time =   0.00 sec
----------------------------------------------------------
Test Passed.
"test_linux_peers" end time: Jul 15 10:12 +07
"test_linux_peers" time elapsed: 00:00:00
----------------------------------------------------------

10/11 Testing: test_simulation_harness
10/11 Test: test_simulation_harness
Command: "/home/phuc/Project/smart-water-flow-pressure-monitor/2.firmware/build/tests/test_simulation_harness"
Directory: /home/phuc/Project/smart-water-flow-pressure-monitor/2.firmware/build/tests
"test_simulation_harness" start time: Jul 15 10:12 +07
Output:
----------------------------------------------------------
Simulation Harness Tests
─────────────────────────
PASS
PASS
PASS
PASS
PASS
─────────────────────────
Results: 5 passed, 0 failed
<end of output>
Test time =   0.00 sec
----------------------------------------------------------
Test Passed.
"test_simulation_harness" end time: Jul 15 10:12 +07
"test_simulation_harness" time elapsed: 00:00:00
----------------------------------------------------------

11/11 Testing: test_linux_simulation
11/11 Test: test_linux_simulation
Command: "/home/phuc/Project/smart-water-flow-pressure-monitor/2.firmware/build/tests/test_linux_simulation"
Directory: /home/phuc/Project/smart-water-flow-pressure-monitor/2.firmware/build/tests
"test_linux_simulation" start time: Jul 15 10:12 +07
Output:
----------------------------------------------------------
Linux Simulation Tests
──────────────────────
PASS
PASS
PASS
PASS
PASS
──────────────────────
Results: 5 passed, 0 failed
<end of output>
Test time =   0.00 sec
----------------------------------------------------------
Test Passed.
"test_linux_simulation" end time: Jul 15 10:12 +07
"test_linux_simulation" time elapsed: 00:00:00
----------------------------------------------------------

End testing: Jul 15 10:12 +07
